c:\users\max\documents\visual studio 2015\projects\стек через классы с записью в файл\стек через классы с записью в файл\debug\стек через классы с записью в файл.pch
c:\users\max\documents\visual studio 2015\projects\стек через классы с записью в файл\стек через классы с записью в файл\debug\vc140.pdb
c:\users\max\documents\visual studio 2015\projects\стек через классы с записью в файл\стек через классы с записью в файл\debug\vc140.idb
c:\users\max\documents\visual studio 2015\projects\стек через классы с записью в файл\стек через классы с записью в файл\debug\stdafx.obj
c:\users\max\documents\visual studio 2015\projects\стек через классы с записью в файл\стек через классы с записью в файл\debug\stack.obj
c:\users\max\documents\visual studio 2015\projects\стек через классы с записью в файл\стек через классы с записью в файл\debug\стек через классы с записью в файл.obj
c:\users\max\documents\visual studio 2015\projects\стек через классы с записью в файл\стек через классы с записью в файл\debug\datab.obj
c:\users\max\documents\visual studio 2015\projects\стек через классы с записью в файл\debug\стек через классы с записью в файл.pdb
c:\users\max\documents\visual studio 2015\projects\стек через классы с записью в файл\стек через классы с записью в файл\debug\стек чер.fa44c7e5.tlog\cl.command.1.tlog
c:\users\max\documents\visual studio 2015\projects\стек через классы с записью в файл\стек через классы с записью в файл\debug\стек чер.fa44c7e5.tlog\cl.read.1.tlog
c:\users\max\documents\visual studio 2015\projects\стек через классы с записью в файл\стек через классы с записью в файл\debug\стек чер.fa44c7e5.tlog\cl.write.1.tlog
c:\users\max\documents\visual studio 2015\projects\стек через классы с записью в файл\стек через классы с записью в файл\debug\стек чер.fa44c7e5.tlog\link.10800-cvtres.read.1.tlog
c:\users\max\documents\visual studio 2015\projects\стек через классы с записью в файл\стек через классы с записью в файл\debug\стек чер.fa44c7e5.tlog\link.10800-cvtres.write.1.tlog
c:\users\max\documents\visual studio 2015\projects\стек через классы с записью в файл\стек через классы с записью в файл\debug\стек чер.fa44c7e5.tlog\link.10800-rc.read.1.tlog
c:\users\max\documents\visual studio 2015\projects\стек через классы с записью в файл\стек через классы с записью в файл\debug\стек чер.fa44c7e5.tlog\link.10800-rc.write.1.tlog
c:\users\max\documents\visual studio 2015\projects\стек через классы с записью в файл\стек через классы с записью в файл\debug\стек чер.fa44c7e5.tlog\link.10800.read.1.tlog
c:\users\max\documents\visual studio 2015\projects\стек через классы с записью в файл\стек через классы с записью в файл\debug\стек чер.fa44c7e5.tlog\link.10800.write.1.tlog
c:\users\max\documents\visual studio 2015\projects\стек через классы с записью в файл\стек через классы с записью в файл\debug\стек чер.fa44c7e5.tlog\link.command.1.tlog
c:\users\max\documents\visual studio 2015\projects\стек через классы с записью в файл\стек через классы с записью в файл\debug\стек чер.fa44c7e5.tlog\link.read.1.tlog
c:\users\max\documents\visual studio 2015\projects\стек через классы с записью в файл\стек через классы с записью в файл\debug\стек чер.fa44c7e5.tlog\link.write.1.tlog
